0.000000 0.000000 -0.004830 0.004830 1.000000 0
1.000000 0.000000 -0.000211 0.000211 2.000000 1
0.500000 0.002729 0.002084 0.000645 1.000000 2
0.500000 -0.046021 -0.043655 -0.002366 1.000000 3
0.500000 -0.076761 -0.077548 0.000787 2.000000 4
0.666667 -0.017586 -0.017788 0.000202 1.000000 10
0.333333 -0.006223 -0.007827 0.001604 1.000000 11
0.666667 0.008528 0.008170 0.000358 1.000000 12
0.666667 -0.045616 -0.049579 0.003964 1.000000 14
0.333333 -0.004700 -0.000536 -0.004164 1.000000 5
0.333333 -0.047080 -0.045572 -0.001508 1.000000 7
0.666667 -0.029109 -0.029926 0.000817 1.000000 8
0.333333 -0.038423 -0.038589 0.000166 1.000000 9
0.250000 0.002354 0.000571 0.001782 1.000000 15
0.250000 -0.040424 -0.041268 0.000844 1.000000 18
0.500000 -0.028733 -0.033497 0.004763 1.000000 19
0.750000 -0.016870 -0.015317 -0.001554 1.000000 20
0.250000 -0.040489 -0.040189 -0.000300 1.000000 21
0.500000 -0.045506 -0.046069 0.000563 1.000000 22
0.750000 -0.012243 -0.008696 -0.003547 1.000000 23
0.250000 -0.042901 -0.043326 0.000424 1.000000 24
0.750000 -0.011323 -0.011836 0.000513 1.000000 25
0.250000 -0.039224 -0.039670 0.000446 1.000000 26
0.500000 -0.018736 -0.017948 -0.000788 1.000000 27
0.750000 -0.012735 -0.013828 0.001093 1.000000 28
0.250000 -0.011954 -0.010653 -0.001301 1.000000 29
0.500000 0.006297 0.009089 -0.002792 1.000000 30
0.750000 0.008290 0.006992 0.001298 1.000000 31
0.250000 -0.053389 -0.053937 0.000548 2.000000 32
0.500000 -0.067001 -0.067644 0.000643 1.000000 33
0.750000 -0.016188 -0.016146 -0.000042 1.000000 34
0.250000 -0.014326 -0.016691 0.002364 1.000000 35
0.750000 0.009220 0.011335 -0.002116 1.000000 36
0.250000 -0.052339 -0.051521 -0.000818 1.000000 37
0.750000 -0.012825 -0.013728 0.000903 1.000000 38
0.250000 -0.028444 -0.025968 -0.002476 1.000000 39
0.500000 -0.023666 -0.024883 0.001217 1.000000 40
0.750000 -0.045155 -0.038950 -0.006206 2.000000 41
0.250000 -0.056481 -0.056586 0.000105 2.000000 42
0.500000 -0.033798 -0.034823 0.001024 1.000000 43
0.750000 -0.024673 -0.025467 0.000794 1.000000 44
0.200000 -0.033571 -0.032405 -0.001165 1.000000 51
0.400000 -0.033130 -0.029304 -0.003826 1.000000 52
0.400000 -0.044180 -0.043245 -0.000935 1.000000 53
0.600000 -0.017282 -0.017931 0.000649 1.000000 54
0.600000 -0.033622 -0.033858 0.000236 1.000000 55
0.800000 -0.013119 -0.010721 -0.002399 1.000000 56
0.200000 -0.037047 -0.034142 -0.002904 1.000000 57
0.400000 -0.038530 -0.040406 0.001876 1.000000 58
0.400000 -0.019552 -0.022164 0.002612 1.000000 59
0.600000 -0.011012 -0.010277 -0.000735 1.000000 60
0.600000 -0.027906 -0.026313 -0.001592 1.000000 61
0.800000 -0.007101 -0.007238 0.000137 1.000000 62
0.200000 -0.044607 -0.044525 -0.000082 1.000000 63
0.400000 -0.050248 -0.051144 0.000896 1.000000 64
0.400000 -0.022290 -0.022596 0.000306 1.000000 65
0.600000 -0.008324 -0.007123 -0.001201 1.000000 66
0.600000 -0.033078 -0.032089 -0.000988 1.000000 67
0.800000 -0.008213 -0.009074 0.000860 1.000000 68
0.200000 -0.011861 -0.007892 -0.003969 1.000000 69
0.400000 -0.001776 -0.001625 -0.000151 1.000000 70
0.400000 0.008940 0.005997 0.002943 1.000000 71
0.600000 0.008300 0.007973 0.000327 1.000000 72
0.600000 0.011968 0.010514 0.001454 1.000000 73
0.800000 0.006995 0.007148 -0.000153 1.000000 74
0.200000 -0.046761 -0.044063 -0.002698 1.000000 75
0.400000 -0.036368 -0.037447 0.001078 1.000000 76
0.400000 -0.066192 -0.067581 0.001389 1.000000 77
0.600000 -0.021784 -0.019601 -0.002183 1.000000 78
0.600000 -0.063782 -0.061532 -0.002250 1.000000 79
0.200000 -0.022301 -0.021740 -0.000560 1.000000 81
0.400000 -0.017968 -0.022242 0.004274 1.000000 82
0.400000 -0.053438 -0.049457 -0.003981 1.000000 83
0.600000 -0.018704 -0.021318 0.002615 1.000000 84
0.600000 -0.057896 -0.060767 0.002871 1.000000 85
0.800000 -0.027683 -0.031202 0.003518 2.000000 86
0.666667 -0.020462 -0.020664 0.000202 1.000000 100
0.166667 -0.033230 -0.028924 -0.004306 1.000000 87
0.333333 -0.037370 -0.040135 0.002765 1.000000 88
0.333333 -0.037553 -0.038044 0.000491 1.000000 89
0.500000 -0.006471 -0.008795 0.002324 1.000000 90
0.500000 -0.044473 -0.045265 0.000792 1.000000 91
0.666667 -0.017847 -0.018255 0.000408 1.000000 92
0.666667 -0.017912 -0.020348 0.002436 1.000000 93
0.166667 -0.045445 -0.045181 -0.000264 2.000000 95
0.333333 -0.049921 -0.050028 0.000107 1.000000 96
0.333333 -0.057030 -0.056780 -0.000249 1.000000 97
