1
0.000000
0

1
0.000000
1
1.000000 0.500000 1.000000

1
3.699860
2
1.000000 0.500000 1.000000
1.000000 0.500000 0.000000

3
4.316130
2
1.000000 0.500000 1.000000
-0.000000 0.000000 1.000000

6
5.684887
2
1.000000 0.500000 1.000000
-0.000000 0.000000 0.000000

1
7.399720
2
1.000000 0.500000 1.000000
1.000000 0.500000 -1.000000

3
7.475756
2
1.000000 0.500000 1.000000
-0.000000 -1.000000 1.000000

6
8.341217
2
1.000000 0.500000 1.000000
-0.000000 -1.000000 2.000000

6
8.566495
2
1.000000 0.500000 1.000000
-0.000000 0.000000 -1.000000

3
8.632260
2
1.000000 0.500000 1.000000
-1.000000 -0.500000 1.000000

6
9.391745
2
1.000000 0.500000 1.000000
1.000000 -1.500000 2.000000

6
10.518688
2
1.000000 0.500000 1.000000
-0.000000 -1.000000 -1.000000

1
11.099580
2
1.000000 0.500000 1.000000
1.000000 0.500000 -2.000000

6
11.369774
2
1.000000 0.500000 1.000000
-1.000000 -0.500000 -1.000000

6
11.419407
2
1.000000 0.500000 1.000000
-0.000000 -2.000000 1.000000

6
11.909226
2
1.000000 0.500000 1.000000
-0.000000 0.000000 -2.000000

12
12.003825
2
1.000000 0.500000 1.000000
-0.000000 -2.000000 0.000000

3
12.948390
2
1.000000 0.500000 1.000000
1.000000 -2.500000 1.000000

6
13.382362
2
1.000000 0.500000 1.000000
-0.000000 -1.000000 -2.000000

6
13.466617
2
1.000000 0.500000 1.000000
1.000000 -2.500000 0.000000

2
4.316130
3
1.000000 0.500000 1.000000
1.000000 -0.500000 1.000000
-0.000000 0.000000 1.000000

12
5.684887
3
1.000000 0.500000 1.000000
1.000000 0.500000 0.000000
-0.000000 0.000000 0.000000

12
5.684887
3
1.000000 0.500000 1.000000
1.000000 -0.500000 1.000000
-0.000000 0.000000 0.000000

1
7.399720
3
1.000000 0.500000 1.000000
1.000000 0.500000 0.000000
1.000000 0.500000 -1.000000

6
7.399720
3
1.000000 0.500000 1.000000
-0.000000 0.000000 0.000000
1.000000 0.500000 -1.000000

6
7.475756
3
1.000000 0.500000 1.000000
-0.000000 0.000000 1.000000
-0.000000 -1.000000 1.000000

12
7.475756
3
1.000000 0.500000 1.000000
-0.000000 0.000000 0.000000
-0.000000 -1.000000 1.000000

2
7.475756
3
1.000000 0.500000 1.000000
2.000000 -1.000000 1.000000
-0.000000 -1.000000 1.000000

12
8.341217
3
1.000000 0.500000 1.000000
1.000000 0.500000 2.000000
-0.000000 -1.000000 2.000000

24
8.341217
3
1.000000 0.500000 1.000000
-0.000000 0.000000 1.000000
-0.000000 -1.000000 2.000000

6
8.341217
3
1.000000 0.500000 1.000000
1.000000 0.500000 3.000000
-0.000000 -1.000000 2.000000

12
8.341217
3
1.000000 0.500000 1.000000
2.000000 -1.000000 1.000000
-0.000000 -1.000000 2.000000

12
8.566495
3
1.000000 0.500000 1.000000
1.000000 0.500000 0.000000
-0.000000 0.000000 -1.000000

12
8.566495
3
1.000000 0.500000 1.000000
-0.000000 0.000000 1.000000
-0.000000 0.000000 -1.000000

12
8.566495
3
1.000000 0.500000 1.000000
1.000000 -0.500000 1.000000
-0.000000 0.000000 -1.000000

12
8.566495
3
1.000000 0.500000 1.000000
1.000000 -0.500000 0.000000
-0.000000 0.000000 -1.000000

24
8.566495
3
1.000000 0.500000 1.000000
2.000000 0.000000 0.000000
-0.000000 0.000000 -1.000000

12
8.566495
3
1.000000 0.500000 1.000000
-0.000000 -1.000000 1.000000
-0.000000 0.000000 -1.000000

3
5.684887
4
1.000000 0.500000 1.000000
1.000000 0.500000 0.000000
-0.000000 0.000000 1.000000
-0.000000 0.000000 0.000000

12
5.684887
4
1.000000 0.500000 1.000000
1.000000 -0.500000 1.000000
-0.000000 0.000000 1.000000
-0.000000 0.000000 0.000000

12
5.684887
4
1.000000 0.500000 1.000000
1.000000 0.500000 0.000000
1.000000 -0.500000 1.000000
-0.000000 0.000000 0.000000

6
7.399720
4
1.000000 0.500000 1.000000
1.000000 0.500000 0.000000
-0.000000 0.000000 0.000000
1.000000 0.500000 -1.000000

6
7.399720
4
1.000000 0.500000 1.000000
1.000000 -0.500000 0.000000
-0.000000 0.000000 0.000000
1.000000 0.500000 -1.000000

3
7.475756
4
1.000000 0.500000 1.000000
1.000000 -0.500000 1.000000
-0.000000 0.000000 1.000000
-0.000000 -1.000000 1.000000

12
7.475756
4
1.000000 0.500000 1.000000
-0.000000 0.000000 1.000000
-0.000000 0.000000 0.000000
-0.000000 -1.000000 1.000000

12
7.475756
4
1.000000 0.500000 1.000000
1.000000 -0.500000 1.000000
-0.000000 0.000000 0.000000
-0.000000 -1.000000 1.000000

6
7.475756
4
1.000000 0.500000 1.000000
1.000000 -0.500000 0.000000
-0.000000 0.000000 0.000000
-0.000000 -1.000000 1.000000

6
7.475756
4
1.000000 0.500000 1.000000
-0.000000 0.000000 2.000000
-0.000000 0.000000 0.000000
-0.000000 -1.000000 1.000000

2
7.475756
4
1.000000 0.500000 1.000000
1.000000 -0.500000 1.000000
2.000000 -1.000000 1.000000
-0.000000 -1.000000 1.000000

4
7.475756
4
1.000000 0.500000 1.000000
1.000000 -0.500000 0.000000
2.000000 -1.000000 1.000000
-0.000000 -1.000000 1.000000

