2 3.699860 1 0.031199
2 4.316130 3 -0.004580
2 5.684887 6 0.002182
2 7.399720 1 0.001753
2 7.475756 3 -0.000280
2 8.341217 6 0.000027
2 8.566495 6 -0.001551
2 8.632260 3 -0.001627
2 9.391745 6 -0.000454
2 10.518688 6 -0.000446
2 11.099580 1 -0.000629
2 11.369774 6 0.000270
2 11.419407 6 0.001145
2 11.909226 6 0.000408
2 12.003825 12 -0.000745
2 12.948390 3 0.000626
2 13.382362 6 -0.000018
2 13.466617 6 -0.000686
3 4.316130 2 -0.000465
3 5.684887 12 -0.001725
3 5.684887 12 -0.001136
3 7.399720 1 0.003464
3 7.399720 6 0.000834
3 7.475756 6 0.001009
3 7.475756 12 -0.000161
3 7.475756 2 0.000511
3 8.341217 12 0.000226
3 8.341217 24 0.000366
3 8.341217 6 -0.000676
3 8.341217 12 -0.000424
3 8.566495 12 0.000281
3 8.566495 12 -0.000480
3 8.566495 12 0.000240
3 8.566495 12 0.000522
3 8.566495 24 -0.000267
3 8.566495 12 -0.000823
4 5.684887 3 -0.000697
4 5.684887 12 0.000335
4 5.684887 12 0.000195
4 7.399720 6 -0.000048
4 7.399720 6 0.000944
4 7.475756 3 0.000352
4 7.475756 12 0.000368
4 7.475756 12 0.000089
4 7.475756 6 0.000430
4 7.475756 6 -0.000724
4 7.475756 2 -0.000256
4 7.475756 4 -0.000595
