3.737878 0.000000 0.000000
0.000000 4.316130 0.000000
0.000000 0.000000 3.699860
-1.000000 0.500000 0.000000
1.000000 0.500000 0.000000
0.000000 0.000000 -1.000000
-0.000000 1.000000 -1.000000 Vac
0.333671 0.833164 -0.500000 C
0.666329 0.666836 -0.500000 C
-0.000000 0.333671 -0.500000 C
-0.666328 0.666836 -0.500000 C
-0.000000 0.666329 -0.500000 C
-0.333672 0.833164 -0.500000 C
end

3.737878 0.000000 0.000000
0.000000 4.316130 0.000000
0.000000 0.000000 3.699860
-2.000000 0.000000 1.000000
-1.000000 1.500000 -1.000000
1.000000 -1.500000 -1.000000
-1.000000 -0.500000 0.000000 Li
-1.666329 -0.166836 -0.500000 C
-1.333671 -0.333164 -0.500000 C
-2.000000 0.333671 0.500000 C
-0.666328 0.666836 -0.500000 C
-1.000000 -0.833671 -0.500000 C
-1.333672 -0.666836 -0.500000 C
-1.000000 0.500000 -1.000000 Vac
-0.666329 -0.666836 -0.500000 C
-0.333671 -0.833164 -0.500000 C
-2.000000 1.333671 -0.500000 C
-1.666328 0.166836 0.500000 C
0.000000 -1.333671 -0.500000 C
-0.333672 -1.166836 -0.500000 C
-2.000000 0.000000 0.000000 Vac
-0.666329 0.333164 -1.500000 C
-0.333671 0.166836 -1.500000 C
-1.000000 0.833671 -0.500000 C
-1.666328 1.166836 -0.500000 C
0.000000 -0.333671 -1.500000 C
-0.333672 -0.166836 -1.500000 C
-2.000000 0.000000 -1.000000 Vac
-0.666329 0.333164 -0.500000 C
-0.333671 0.166836 -0.500000 C
0.000000 -0.666329 -0.500000 C
-0.666328 -0.333164 -0.500000 C
0.000000 -0.333671 -0.500000 C
-0.333672 -0.166836 -0.500000 C
-1.000000 -0.500000 -1.000000 Vac
-1.666329 -0.166836 0.500000 C
-1.333671 -0.333164 0.500000 C
-2.000000 0.333671 -0.500000 C
0.333672 -0.833164 -0.500000 C
-2.000000 0.666329 -0.500000 C
-2.333672 0.833164 -0.500000 C
0.000000 -1.000000 -1.000000 Vac
-1.666329 0.833164 -0.500000 C
-1.333671 0.666836 -0.500000 C
-1.000000 -0.166329 -0.500000 C
-1.666328 0.166836 -0.500000 C
-1.000000 0.166329 -0.500000 C
-1.333672 0.333164 -0.500000 C
end

3.737878 0.000000 0.000000
0.000000 4.316130 0.000000
0.000000 0.000000 3.699860
1.000000 0.500000 2.000000
-1.000000 -0.500000 2.000000
1.000000 -0.500000 -2.000000
1.000000 -0.500000 1.000000 Li
0.333671 -0.166836 0.500000 C
0.666329 -0.333164 0.500000 C
1.000000 -0.166329 0.500000 C
0.333672 -0.833164 0.500000 C
0.000000 -0.333671 2.500000 C
0.666328 -0.666836 0.500000 C
1.000000 -0.500000 2.000000 Vac
0.333671 -0.166836 1.500000 C
0.666329 -0.333164 1.500000 C
1.000000 -0.166329 1.500000 C
1.333672 -0.333164 -0.500000 C
1.000000 0.166329 1.500000 C
1.666328 -0.166836 -0.500000 C
1.000000 -0.500000 -1.000000 Vac
0.333671 -0.166836 2.500000 C
0.666329 -0.333164 2.500000 C
0.000000 -0.666329 0.500000 C
1.333672 -0.333164 0.500000 C
0.000000 -0.333671 0.500000 C
1.666328 -0.166836 0.500000 C
1.000000 -0.500000 0.000000 Vac
0.333671 -0.166836 -0.500000 C
0.666329 -0.333164 -0.500000 C
1.000000 -0.166329 -0.500000 C
0.333672 -0.833164 -0.500000 C
0.000000 -0.333671 1.500000 C
0.666328 -0.666836 -0.500000 C
end

3.737878 0.000000 0.000000
0.000000 4.316130 0.000000
0.000000 0.000000 3.699860
-1.000000 -0.500000 0.000000
1.000000 -0.500000 0.000000
0.000000 0.000000 2.000000
0.000000 -1.000000 1.000000 Li
-0.666329 -0.666836 0.500000 C
-0.333671 -0.833164 0.500000 C
0.000000 -0.666329 0.500000 C
0.333672 -0.833164 0.500000 C
0.000000 -0.333671 0.500000 C
0.666328 -0.666836 0.500000 C
0.000000 -1.000000 2.000000 Vac
-0.666329 -0.666836 1.500000 C
-0.333671 -0.833164 1.500000 C
0.000000 -0.666329 1.500000 C
0.333672 -0.833164 1.500000 C
0.000000 -0.333671 1.500000 C
0.666328 -0.666836 1.500000 C
end

3.737878 0.000000 0.000000
0.000000 4.316130 0.000000
0.000000 0.000000 3.699860
-1.000000 -0.500000 0.000000
1.000000 -0.500000 0.000000
0.000000 0.000000 4.000000
0.000000 -1.000000 1.000000 Li
-0.666329 -0.666836 0.500000 C
-0.333671 -0.833164 0.500000 C
0.000000 -0.666329 0.500000 C
0.333672 -0.833164 0.500000 C
0.000000 -0.333671 0.500000 C
0.666328 -0.666836 0.500000 C
0.000000 -1.000000 2.000000 Li
-0.666329 -0.666836 1.500000 C
-0.333671 -0.833164 1.500000 C
0.000000 -0.666329 1.500000 C
0.333672 -0.833164 1.500000 C
0.000000 -0.333671 1.500000 C
0.666328 -0.666836 1.500000 C
0.000000 -1.000000 3.000000 Li
-0.666329 -0.666836 2.500000 C
-0.333671 -0.833164 2.500000 C
0.000000 -0.666329 2.500000 C
0.333672 -0.833164 2.500000 C
0.000000 -0.333671 2.500000 C
0.666328 -0.666836 2.500000 C
0.000000 -1.000000 4.000000 Vac
-0.666329 -0.666836 3.500000 C
-0.333671 -0.833164 3.500000 C
0.000000 -0.666329 3.500000 C
0.333672 -0.833164 3.500000 C
0.000000 -0.333671 3.500000 C
0.666328 -0.666836 3.500000 C
end

3.737878 0.000000 0.000000
0.000000 4.316130 0.000000
0.000000 0.000000 3.699860
-1.000000 0.500000 0.000000
1.000000 0.500000 0.000000
0.000000 0.000000 -1.000000
-0.000000 1.000000 -1.000000 Li
0.333671 0.833164 -0.500000 C
0.666329 0.666836 -0.500000 C
-0.000000 0.333671 -0.500000 C
-0.666328 0.666836 -0.500000 C
-0.000000 0.666329 -0.500000 C
-0.333672 0.833164 -0.500000 C
end

