1
0.000000
0

1
0.000000
1
0.333019 0.508147 0.029714

1
0.000000
1
0.669485 0.006519 0.511312

1
4.314525
2
0.333019 0.508147 0.029714
0.333019 -0.491853 0.029714

1
4.314525
2
0.669485 0.006519 0.511312
0.669485 1.006519 0.511312

1
4.314525
2
0.333019 0.508147 0.029714
1.333019 0.008147 0.029714

1
4.314525
2
0.333019 0.508147 0.029714
1.333019 1.008147 0.029714

1
4.314525
2
0.669485 0.006519 0.511312
-0.330515 -0.493481 0.511312

1
4.314525
2
0.669485 0.006519 0.511312
-0.330515 0.506519 0.511312

1
4.401031
2
0.669485 0.006519 0.511312
1.333019 0.008147 0.029714

1
4.407523
2
0.669485 0.006519 0.511312
0.333019 -0.491853 0.029714

1
4.414390
2
0.669485 0.006519 0.511312
0.333019 0.508147 0.029714

1
4.633267
2
0.669485 0.006519 0.511312
1.333019 0.008147 1.029714

1
4.639435
2
0.333019 0.508147 0.029714
0.669485 1.006519 -0.488688

1
4.645959
2
0.333019 0.508147 0.029714
0.669485 0.006519 -0.488688

1
6.158216
2
0.669485 0.006519 0.511312
1.333019 -0.991853 0.029714

1
6.168045
2
0.669485 0.006519 0.511312
1.333019 1.008147 0.029714

1
4.314525
3
0.669485 0.006519 0.511312
-0.330515 -0.493481 0.511312
0.669485 -0.993481 0.511312

1
4.314525
3
0.669485 0.006519 0.511312
1.669485 -0.493481 0.511312
0.669485 -0.993481 0.511312

1
4.314525
3
0.333019 0.508147 0.029714
1.333019 0.008147 0.029714
0.333019 -0.491853 0.029714

1
4.314525
3
0.333019 0.508147 0.029714
-0.666981 0.008147 0.029714
0.333019 -0.491853 0.029714

