0.000000 0.000000 -0.030096 0.030096 1.000000 0
0.250000 -0.050500 -0.031962 -0.018538 1.000000 10
0.250000 -0.050287 -0.033446 -0.016841 1.000000 11
0.250000 -0.050405 -0.040155 -0.010250 1.000000 16
0.250000 -0.051562 -0.044049 -0.007513 1.000000 17
0.250000 -0.040615 -0.031962 -0.008653 1.000000 22
0.250000 -0.043118 -0.033446 -0.009671 1.000000 23
0.250000 -0.042488 -0.040155 -0.002332 1.000000 28
0.250000 -0.042378 -0.044049 0.001672 1.000000 29
0.250000 -0.053040 -0.055889 0.002849 1.000000 34
0.250000 -0.052015 -0.057814 0.005799 1.000000 35
0.250000 -0.041197 -0.056507 0.015310 1.000000 40
0.250000 0.011007 -0.035919 0.046927 1.000000 41
0.250000 -0.042817 -0.055889 0.013072 1.000000 4
0.250000 -0.043927 -0.057814 0.013886 1.000000 5
0.166667 -0.048008 -0.036802 -0.011206 1.000000 106
0.166667 -0.048135 -0.039398 -0.008737 1.000000 107
0.333333 -0.025202 -0.047597 0.022395 1.000000 108
0.333333 -0.050980 -0.054410 0.003430 1.000000 109
0.333333 -0.006042 -0.031574 0.025532 1.000000 110
0.333333 -0.038272 -0.061462 0.023191 1.000000 112
0.333333 -0.052628 -0.043281 -0.009348 1.000000 113
0.166667 -0.030483 -0.020024 -0.010459 1.000000 126
0.166667 -0.032625 -0.022837 -0.009788 1.000000 127
0.333333 -0.009538 -0.013440 0.003902 1.000000 128
0.333333 -0.048428 -0.065314 0.016885 1.000000 129
0.333333 -0.009695 -0.018209 0.008514 1.000000 130
0.333333 -0.009677 -0.008966 -0.000710 1.000000 132
0.333333 -0.049342 -0.067369 0.018027 1.000000 133
0.166667 -0.039112 -0.036802 -0.002309 1.000000 146
0.166667 -0.036180 -0.039398 0.003218 1.000000 147
0.333333 -0.090642 -0.063883 -0.026758 1.000000 148
0.333333 -0.070458 -0.054410 -0.016048 1.000000 149
0.333333 -0.067760 -0.055161 -0.012599 1.000000 150
0.333333 -0.043735 -0.021589 -0.022146 1.000000 152
0.333333 -0.068552 -0.043281 -0.025271 1.000000 153
0.166667 -0.038492 -0.031340 -0.007152 1.000000 166
0.166667 -0.039640 -0.047292 0.007652 1.000000 46
0.166667 -0.038418 -0.048574 0.010156 1.000000 47
0.333333 -0.091107 -0.065249 -0.025857 1.000000 48
0.333333 -0.071398 -0.064899 -0.006499 1.000000 49
0.333333 -0.100725 -0.068610 -0.032115 1.000000 50
0.333333 -0.068223 -0.065770 -0.002453 1.000000 52
0.333333 -0.070998 -0.052457 -0.018542 1.000000 53
0.166667 -0.048303 -0.031340 -0.016964 1.000000 66
0.166667 -0.047975 -0.032329 -0.015646 1.000000 67
0.333333 -0.036173 -0.047475 0.011302 1.000000 68
0.333333 -0.052795 -0.048947 -0.003848 1.000000 69
0.333333 -0.006303 -0.018553 0.012250 1.000000 70
0.333333 -0.027202 -0.037011 0.009809 1.000000 72
0.333333 -0.053442 -0.036212 -0.017230 1.000000 73
0.166667 -0.027542 -0.020024 -0.007518 1.000000 86
0.166667 -0.027133 -0.022837 -0.004296 1.000000 87
0.333333 0.000270 -0.014747 0.015017 1.000000 88
0.333333 -0.046808 -0.065314 0.018505 1.000000 89
0.333333 0.000777 -0.010155 0.010932 1.000000 90
0.333333 0.000000 -0.015714 0.015714 1.000000 92
0.333333 -0.046112 -0.067369 0.021257 1.000000 93
