3.736488 0.000000 0.000000
0.000000 4.314525 0.000000
0.000000 0.000000 7.550339
1.000000 -0.500000 0.000000
0.000000 1.000000 0.000000
0.000000 0.000000 1.000000
0.333019 0.508147 0.029714 Vac
0.669485 0.006519 0.511312 Vac
0.001633 0.339492 0.269388 C
0.668725 0.340116 0.269415 C
0.334619 0.173036 0.269486 C
0.668759 -0.326948 0.269486 C
0.001597 0.673691 0.269554 C
0.334624 -0.159822 0.269672 C
0.330756 0.507068 0.760741 C
0.664781 -0.326552 0.771813 C
0.330152 0.173401 0.771862 C
0.997416 0.174427 0.772053 C
0.997447 -0.492884 0.772253 C
0.664061 0.007098 0.782660 C
end

3.736488 0.000000 0.000000
0.000000 4.314525 0.000000
0.000000 0.000000 7.550339
3.000000 -0.500000 0.000000
-3.000000 -0.500000 0.000000
0.000000 0.000000 -1.000000
2.333019 -0.491853 -0.970286 Vac
-0.330515 -0.493481 -0.488688 Li
2.001633 -0.660508 -0.730612 C
-0.331275 -0.159884 -0.730585 C
-0.665381 -0.326964 -0.730514 C
-0.331241 -0.826948 -0.730514 C
-0.998403 -0.826309 -0.730446 C
-0.665376 -0.659822 -0.730328 C
2.330756 -0.492932 -0.239259 C
-0.335219 -0.826552 -0.228187 C
-0.669848 -0.326599 -0.228138 C
-0.002584 -0.325573 -0.227947 C
-0.002553 -0.992884 -0.227747 C
-0.335939 -0.492902 -0.217340 C
0.333019 -0.491853 -0.970286 Li
-2.330515 -0.493481 -0.488688 Vac
0.001633 -0.660508 -0.730612 C
0.668725 -0.659884 -0.730585 C
0.334619 -0.826964 -0.730514 C
0.668759 -0.326948 -0.730514 C
0.001597 -0.326309 -0.730446 C
0.334624 -0.159822 -0.730328 C
0.330756 -0.492932 -0.239259 C
0.664781 -0.326552 -0.228187 C
0.330152 -0.826599 -0.228138 C
0.997416 -0.825573 -0.227947 C
0.997447 -0.492884 -0.227747 C
-2.335939 -0.492902 -0.217340 C
-1.666981 -0.491853 -0.970286 Vac
1.669485 -0.493481 -0.488688 Vac
-1.998367 -0.660508 -0.730612 C
-1.331275 -0.659884 -0.730585 C
1.334619 -0.326964 -0.730514 C
-1.331241 -0.326948 -0.730514 C
1.001597 -0.826309 -0.730446 C
1.334624 -0.659822 -0.730328 C
-1.669244 -0.492932 -0.239259 C
-1.335219 -0.326552 -0.228187 C
1.330152 -0.326599 -0.228138 C
-1.002584 -0.825573 -0.227947 C
-1.002553 -0.492884 -0.227747 C
1.664061 -0.492902 -0.217340 C
end

