MF
6
6
-1
1
1
-1
-1
-1

6
18
0

1
0

1
0

1
2

1
4

1
2

1
4

1
5

1
1

1
1

1
5

1
1

1
1

1
5

1
5

2
2
0

2
4
4

2
0
2


18
0

1
1

1
1

1
5

1
3

1
5

1
3

1
2

1
0

1
0

1
2

1
0

1
0

1
2

1
2

2
5
1

2
3
3

2
1
5


18
0

1
2

1
2

1
4

1
0

1
4

1
0

1
1

1
3

1
3

1
1

1
3

1
3

1
1

1
1

2
4
2

2
0
0

2
2
4


18
0

1
3

1
3

1
1

1
5

1
1

1
5

1
4

1
2

1
2

1
4

1
2

1
2

1
4

1
4

2
1
3

2
5
5

2
3
1


18
0

1
4

1
4

1
0

1
2

1
0

1
2

1
3

1
5

1
5

1
3

1
5

1
5

1
3

1
3

2
0
4

2
2
2

2
4
0


18
0

1
5

1
5

1
3

1
1

1
3

1
1

1
0

1
4

1
4

1
0

1
4

1
4

1
0

1
0

2
3
5

2
1
1

2
5
3



6
18
-0.077064
-0.02014
-0.02014
-0.004406
-0.004406
0.003788
0.003788
0.005029
0.028735
-0.007268
-0.013195
-0.009452
-0.011235
0.01749
-0.013585
0.020762
0.020762
0.020762

18
-0.045613
-0.008119
-0.008119
0.016249
0.016249
0.005645
0.005645
0.005029
0.028735
-0.007268
-0.013195
-0.009452
-0.011235
0.01749
-0.013585
0.030487
0.030487
0.030487

18
-0.077064
-0.02014
-0.02014
-0.004406
-0.004406
0.003788
0.003788
0.005029
0.028735
-0.007268
-0.013195
-0.009452
-0.011235
0.01749
-0.013585
0.020762
0.020762
0.020762

18
-0.045613
-0.008119
-0.008119
0.016249
0.016249
0.005645
0.005645
0.005029
0.028735
-0.007268
-0.013195
-0.009452
-0.011235
0.01749
-0.013585
0.030487
0.030487
0.030487

18
-0.077064
-0.02014
-0.02014
-0.004406
-0.004406
0.003788
0.003788
0.005029
0.028735
-0.007268
-0.013195
-0.009452
-0.011235
0.01749
-0.013585
0.020762
0.020762
0.020762

18
-0.045613
-0.008119
-0.008119
0.016249
0.016249
0.005645
0.005645
0.005029
0.028735
-0.007268
-0.013195
-0.009452
-0.011235
0.01749
-0.013585
0.030487
0.030487
0.030487


2
-0.0605795
